#
# A fatal error has been detected by the Java Runtime Environment:
#
#  Internal Error (safepoint.cpp:310), pid=3377, tid=11523
#  guarantee(PageArmed == 0) failed: invariant
#
# JRE version: Java(TM) SE Runtime Environment (8.0_20-b26) (build 1.8.0_20-b26)
# Java VM: Java HotSpot(TM) 64-Bit Server VM (25.20-b23 mixed mode bsd-amd64 compressed oops)
# Failed to write core dump. Core dumps have been disabled. To enable core dumping, try "ulimit -c unlimited" before starting Java again
#
# If you would like to submit a bug report, please visit:
#   http://bugreport.sun.com/bugreport/crash.jsp
#

---------------  T H R E A D  ---------------

Current thread (0x00007f8c43812800):  VMThread [stack: 0x000000011798a000,0x0000000117a8a000] [id=11523]

Stack: [0x000000011798a000,0x0000000117a8a000],  sp=0x0000000117a89910,  free space=1022k
Native frames: (J=compiled Java code, j=interpreted, Vv=VM code, C=native code)
V  [libjvm.dylib+0x578854]  VMError::report_and_die()+0x402
V  [libjvm.dylib+0x1dab63]  report_vm_error(char const*, int, char const*, char const*)+0x54
V  [libjvm.dylib+0x4b0d38]  SafepointSynchronize::begin()+0x2be
V  [libjvm.dylib+0x57e8e1]  VMThread::loop()+0x319
V  [libjvm.dylib+0x57e20f]  VMThread::run()+0x79
V  [libjvm.dylib+0x45d35a]  java_start(Thread*)+0xf6
C  [libsystem_pthread.dylib+0x1899]  _pthread_body+0x8a
C  [libsystem_pthread.dylib+0x172a]  _pthread_struct_init+0x0
C  [libsystem_pthread.dylib+0x5fc9]  thread_start+0xd

VM_Operation (0x0000000117dd8658): Exit, mode: safepoint, requested by thread 0x00007f8c42013800


---------------  P R O C E S S  ---------------

Java Threads: ( => current thread )
  0x00007f8c42013800 JavaThread "SIGTERM handler" daemon [_thread_blocked, id=13095, stack(0x0000000117cd9000,0x0000000117dd9000)]
  0x00007f8c43026800 JavaThread "Service Thread" daemon [_thread_blocked, id=19715, stack(0x00000001181eb000,0x00000001182eb000)]
  0x00007f8c4280b000 JavaThread "C1 CompilerThread2" daemon [_thread_blocked, id=19203, stack(0x00000001180e8000,0x00000001181e8000)]
  0x00007f8c4280a000 JavaThread "C2 CompilerThread1" daemon [_thread_blocked, id=18691, stack(0x0000000117fe5000,0x00000001180e5000)]
  0x00007f8c42808800 JavaThread "C2 CompilerThread0" daemon [_thread_blocked, id=18179, stack(0x0000000117ee2000,0x0000000117fe2000)]
  0x00007f8c42803000 JavaThread "Signal Dispatcher" daemon [_thread_in_vm, id=17667, stack(0x0000000117ddf000,0x0000000117edf000)]
  0x00007f8c42010800 JavaThread "Finalizer" daemon [_thread_blocked, id=12547, stack(0x0000000117b90000,0x0000000117c90000)]
  0x00007f8c42010000 JavaThread "Reference Handler" daemon [_thread_blocked, id=12035, stack(0x0000000117a8d000,0x0000000117b8d000)]
  0x00007f8c43800800 JavaThread "main" [_thread_in_Java, id=6403, stack(0x0000000101b1c000,0x0000000101c1c000)]

Other Threads:
=>0x00007f8c43812800 VMThread [stack: 0x000000011798a000,0x0000000117a8a000] [id=11523]

VM state:synchronizing (normal execution)

VM Mutex/Monitor currently owned by a thread:  ([mutex/lock_event])
[0x00007f8c41e022e0] Safepoint_lock - owner thread: 0x00007f8c43812800
[0x00007f8c41e02360] Threads_lock - owner thread: 0x00007f8c43812800

Heap:
 PSYoungGen      total 38400K, used 4449K [0x0000000795580000, 0x0000000798000000, 0x00000007c0000000)
  eden space 33280K, 13% used [0x0000000795580000,0x00000007959d8628,0x0000000797600000)
  from space 5120K, 0% used [0x0000000797b00000,0x0000000797b00000,0x0000000798000000)
  to   space 5120K, 0% used [0x0000000797600000,0x0000000797600000,0x0000000797b00000)
 ParOldGen       total 87552K, used 0K [0x0000000740000000, 0x0000000745580000, 0x0000000795580000)
  object space 87552K, 0% used [0x0000000740000000,0x0000000740000000,0x0000000745580000)
 Metaspace       used 2760K, capacity 4486K, committed 4864K, reserved 1056768K
  class space    used 299K, capacity 386K, committed 512K, reserved 1048576K

Card table byte_map: [0x0000000110fde000,0x00000001113df000] byte_map_base: 0x000000010d5de000

Marking Bits: (ParMarkBitMap*) 0x000000010149c330
 Begin Bits: [0x0000000111a96000, 0x0000000113a96000)
 End Bits:   [0x0000000113a96000, 0x0000000115a96000)

Polling page: 0x00000001003e5000

CodeCache: size=245760Kb used=1188Kb max_used=1200Kb free=244571Kb
 bounds [0x0000000101c1e000, 0x0000000101e8e000, 0x0000000110c1e000]
 total_blobs=298 nmethods=64 adapters=149
 compilation: enabled

Compilation events (10 events):
Event: 0.114 Thread 0x00007f8c42808800   60 %     4       Problem179::divs @ 14 (35 bytes)
Event: 0.116 Thread 0x00007f8c42808800 nmethod 60% 0x0000000101d47490 code [0x0000000101d475e0, 0x0000000101d477b8]
Event: 0.116 Thread 0x00007f8c4280a000   61       4       Problem179::divs (35 bytes)
Event: 0.117 Thread 0x00007f8c4280a000 nmethod 61 0x0000000101d47850 code [0x0000000101d479a0, 0x0000000101d47b78]
Event: 13.180 Thread 0x00007f8c4280b000   62 %     3       Problem179::main @ 12 (91 bytes)
Event: 13.180 Thread 0x00007f8c4280b000 nmethod 62% 0x0000000101d462d0 code [0x0000000101d46520, 0x0000000101d47178]
Event: 13.836 Thread 0x00007f8c4280b000   63       3       Problem179::main (91 bytes)
Event: 13.837 Thread 0x00007f8c4280b000 nmethod 63 0x0000000101d45190 code [0x0000000101d453c0, 0x0000000101d45fb8]
Event: 40.554 Thread 0x00007f8c42808800   64 %     4       Problem179::main @ 12 (91 bytes)
Event: 40.558 Thread 0x00007f8c42808800 nmethod 64% 0x0000000101d44b90 code [0x0000000101d44ce0, 0x0000000101d45098]

GC Heap History (0 events):
No events

Deoptimization events (0 events):
No events

Internal exceptions (10 events):
Event: 0.107 Thread 0x00007f8c43800800 Exception <a 'java/util/zip/ZipException'> (0x000000079581b6c8) thrown at [/HUDSON3/workspace/8-2-build-macosx-x86_64/jdk8u20/1074/hotspot/src/share/vm/prims/jni.cpp, line 716]
Event: 0.107 Thread 0x00007f8c43800800 Exception <a 'java/security/PrivilegedActionException'> (0x000000079581b878) thrown at [/HUDSON3/workspace/8-2-build-macosx-x86_64/jdk8u20/1074/hotspot/src/share/vm/prims/jvm.cpp, line 1275]
Event: 0.107 Thread 0x00007f8c43800800 Exception <a 'java/security/PrivilegedActionException'> (0x000000079581ba30) thrown at [/HUDSON3/workspace/8-2-build-macosx-x86_64/jdk8u20/1074/hotspot/src/share/vm/prims/jvm.cpp, line 1275]
Event: 0.108 Thread 0x00007f8c43800800 Exception <a 'java/util/zip/ZipException'> (0x000000079581c778) thrown at [/HUDSON3/workspace/8-2-build-macosx-x86_64/jdk8u20/1074/hotspot/src/share/vm/prims/jni.cpp, line 716]
Event: 0.108 Thread 0x00007f8c43800800 Exception <a 'java/security/PrivilegedActionException'> (0x000000079581c928) thrown at [/HUDSON3/workspace/8-2-build-macosx-x86_64/jdk8u20/1074/hotspot/src/share/vm/prims/jvm.cpp, line 1275]
Event: 0.108 Thread 0x00007f8c43800800 Exception <a 'java/security/PrivilegedActionException'> (0x000000079581cae0) thrown at [/HUDSON3/workspace/8-2-build-macosx-x86_64/jdk8u20/1074/hotspot/src/share/vm/prims/jvm.cpp, line 1275]
Event: 0.110 Thread 0x00007f8c43800800 Exception <a 'java/util/zip/ZipException'> (0x000000079582f770) thrown at [/HUDSON3/workspace/8-2-build-macosx-x86_64/jdk8u20/1074/hotspot/src/share/vm/prims/jni.cpp, line 716]
Event: 0.110 Thread 0x00007f8c43800800 Exception <a 'java/security/PrivilegedActionException'> (0x000000079582f920) thrown at [/HUDSON3/workspace/8-2-build-macosx-x86_64/jdk8u20/1074/hotspot/src/share/vm/prims/jvm.cpp, line 1275]
Event: 0.110 Thread 0x00007f8c43800800 Exception <a 'java/security/PrivilegedActionException'> (0x000000079582fad8) thrown at [/HUDSON3/workspace/8-2-build-macosx-x86_64/jdk8u20/1074/hotspot/src/share/vm/prims/jvm.cpp, line 1275]
Event: 0.110 Thread 0x00007f8c43800800 Exception <a 'java/security/PrivilegedActionException'> (0x000000079582fe48) thrown at [/HUDSON3/workspace/8-2-build-macosx-x86_64/jdk8u20/1074/hotspot/src/share/vm/prims/jvm.cpp, line 1275]

Events (10 events):
Event: 46.518 Thread 0x00007f8c43800800 DEOPT PACKING pc=0x0000000101d46fe3 sp=0x0000000101c1b8a0
Event: 46.518 Thread 0x00007f8c43800800 DEOPT UNPACKING pc=0x0000000101c65373 sp=0x0000000101c1b618 mode 0
Event: 25196.388 loading class sun/misc/Signal$1
Event: 25196.388 loading class sun/misc/Signal$1 done
Event: 25196.388 Thread 0x00007f8c42013800 Thread added: 0x00007f8c42013800
Event: 25196.388 loading class java/lang/Shutdown
Event: 25196.388 loading class java/lang/Shutdown done
Event: 25196.388 loading class java/lang/Shutdown$Lock
Event: 25196.389 loading class java/lang/Shutdown$Lock done
Event: 25196.389 Executing VM operation: Exit


Dynamic libraries:
0x000000000671f000 	/System/Library/Frameworks/Cocoa.framework/Versions/A/Cocoa
0x000000000671f000 	/System/Library/Frameworks/Security.framework/Versions/A/Security
0x000000000671f000 	/System/Library/Frameworks/ApplicationServices.framework/Versions/A/ApplicationServices
0x000000000671f000 	/usr/lib/libz.1.dylib
0x000000000671f000 	/usr/lib/libSystem.B.dylib
0x000000000671f000 	/usr/lib/libobjc.A.dylib
0x000000000671f000 	/System/Library/Frameworks/CoreFoundation.framework/Versions/A/CoreFoundation
0x000000000671f000 	/System/Library/Frameworks/Foundation.framework/Versions/C/Foundation
0x000000000671f000 	/System/Library/Frameworks/AppKit.framework/Versions/C/AppKit
0x000000000671f000 	/System/Library/Frameworks/CoreData.framework/Versions/A/CoreData
0x000000000671f000 	/System/Library/PrivateFrameworks/RemoteViewServices.framework/Versions/A/RemoteViewServices
0x000000000671f000 	/System/Library/Frameworks/AudioToolbox.framework/Versions/A/AudioToolbox
0x000000000671f000 	/System/Library/Frameworks/AudioUnit.framework/Versions/A/AudioUnit
0x000000000671f000 	/System/Library/PrivateFrameworks/DataDetectorsCore.framework/Versions/A/DataDetectorsCore
0x000000000671f000 	/System/Library/PrivateFrameworks/DesktopServicesPriv.framework/Versions/A/DesktopServicesPriv
0x000000000671f000 	/System/Library/Frameworks/Carbon.framework/Versions/A/Frameworks/HIToolbox.framework/Versions/A/HIToolbox
0x000000000671f000 	/System/Library/Frameworks/QuartzCore.framework/Versions/A/QuartzCore
0x000000000671f000 	/System/Library/Frameworks/Carbon.framework/Versions/A/Frameworks/SpeechRecognition.framework/Versions/A/SpeechRecognition
0x000000000671f000 	/usr/lib/libauto.dylib
0x000000000671f000 	/usr/lib/libicucore.A.dylib
0x000000000671f000 	/usr/lib/libxml2.2.dylib
0x000000000671f000 	/System/Library/PrivateFrameworks/CoreUI.framework/Versions/A/CoreUI
0x000000000671f000 	/System/Library/Frameworks/CoreAudio.framework/Versions/A/CoreAudio
0x000000000671f000 	/System/Library/Frameworks/DiskArbitration.framework/Versions/A/DiskArbitration
0x000000000671f000 	/usr/lib/liblangid.dylib
0x000000000671f000 	/System/Library/PrivateFrameworks/MultitouchSupport.framework/Versions/A/MultitouchSupport
0x000000000671f000 	/System/Library/Frameworks/IOKit.framework/Versions/A/IOKit
0x000000000671f000 	/usr/lib/libDiagnosticMessagesClient.dylib
0x000000000671f000 	/System/Library/Frameworks/CoreServices.framework/Versions/A/CoreServices
0x000000000671f000 	/System/Library/PrivateFrameworks/PerformanceAnalysis.framework/Versions/A/PerformanceAnalysis
0x000000000671f000 	/System/Library/PrivateFrameworks/GenerationalStorage.framework/Versions/A/GenerationalStorage
0x000000000671f000 	/System/Library/Frameworks/OpenGL.framework/Versions/A/OpenGL
0x000000000671f000 	/System/Library/PrivateFrameworks/Sharing.framework/Versions/A/Sharing
0x000000000671f000 	/System/Library/Frameworks/ImageIO.framework/Versions/A/ImageIO
0x000000000671f000 	/System/Library/Frameworks/CoreText.framework/Versions/A/CoreText
0x000000000671f000 	/System/Library/Frameworks/CoreGraphics.framework/Versions/A/CoreGraphics
0x000000000671f000 	/System/Library/PrivateFrameworks/Backup.framework/Versions/A/Backup
0x000000000671f000 	/System/Library/Frameworks/CFNetwork.framework/Versions/A/CFNetwork
0x000000000671f000 	/System/Library/Frameworks/SystemConfiguration.framework/Versions/A/SystemConfiguration
0x000000000671f000 	/usr/lib/libCRFSuite.dylib
0x000000000671f000 	/usr/lib/libc++.1.dylib
0x000000000671f000 	/usr/lib/libc++abi.dylib
0x000000000671f000 	/usr/lib/system/libcache.dylib
0x000000000671f000 	/usr/lib/system/libcommonCrypto.dylib
0x000000000671f000 	/usr/lib/system/libcompiler_rt.dylib
0x000000000671f000 	/usr/lib/system/libcopyfile.dylib
0x000000000671f000 	/usr/lib/system/libcorecrypto.dylib
0x000000000671f000 	/usr/lib/system/libdispatch.dylib
0x000000000671f000 	/usr/lib/system/libdyld.dylib
0x000000000671f000 	/usr/lib/system/libkeymgr.dylib
0x000000000671f000 	/usr/lib/system/liblaunch.dylib
0x000000000671f000 	/usr/lib/system/libmacho.dylib
0x000000000671f000 	/usr/lib/system/libquarantine.dylib
0x000000000671f000 	/usr/lib/system/libremovefile.dylib
0x000000000671f000 	/usr/lib/system/libsystem_asl.dylib
0x000000000671f000 	/usr/lib/system/libsystem_blocks.dylib
0x000000000671f000 	/usr/lib/system/libsystem_c.dylib
0x000000000671f000 	/usr/lib/system/libsystem_configuration.dylib
0x000000000671f000 	/usr/lib/system/libsystem_dnssd.dylib
0x000000000671f000 	/usr/lib/system/libsystem_info.dylib
0x000000000671f000 	/usr/lib/system/libsystem_kernel.dylib
0x000000000671f000 	/usr/lib/system/libsystem_m.dylib
0x000000000671f000 	/usr/lib/system/libsystem_malloc.dylib
0x000000000671f000 	/usr/lib/system/libsystem_network.dylib
0x000000000671f000 	/usr/lib/system/libsystem_notify.dylib
0x000000000671f000 	/usr/lib/system/libsystem_platform.dylib
0x000000000671f000 	/usr/lib/system/libsystem_pthread.dylib
0x000000000671f000 	/usr/lib/system/libsystem_sandbox.dylib
0x000000000671f000 	/usr/lib/system/libsystem_stats.dylib
0x000000000671f000 	/usr/lib/system/libunc.dylib
0x000000000671f000 	/usr/lib/system/libunwind.dylib
0x000000000671f000 	/usr/lib/system/libxpc.dylib
0x000000000671f000 	/usr/lib/libbsm.0.dylib
0x000000000671f000 	/usr/lib/libsqlite3.dylib
0x000000000671f000 	/usr/lib/libxar.1.dylib
0x000000000671f000 	/usr/lib/libpam.2.dylib
0x000000000671f000 	/usr/lib/libOpenScriptingUtil.dylib
0x000000000671f000 	/usr/lib/libbz2.1.0.dylib
0x000000000671f000 	/System/Library/Frameworks/CoreServices.framework/Versions/A/Frameworks/CarbonCore.framework/Versions/A/CarbonCore
0x000000000671f000 	/System/Library/Frameworks/CoreServices.framework/Versions/A/Frameworks/Metadata.framework/Versions/A/Metadata
0x000000000671f000 	/System/Library/Frameworks/CoreServices.framework/Versions/A/Frameworks/OSServices.framework/Versions/A/OSServices
0x000000000671f000 	/System/Library/Frameworks/CoreServices.framework/Versions/A/Frameworks/SearchKit.framework/Versions/A/SearchKit
0x000000000671f000 	/System/Library/Frameworks/CoreServices.framework/Versions/A/Frameworks/AE.framework/Versions/A/AE
0x000000000671f000 	/System/Library/Frameworks/CoreServices.framework/Versions/A/Frameworks/LaunchServices.framework/Versions/A/LaunchServices
0x000000000671f000 	/System/Library/Frameworks/CoreServices.framework/Versions/A/Frameworks/DictionaryServices.framework/Versions/A/DictionaryServices
0x000000000671f000 	/System/Library/Frameworks/NetFS.framework/Versions/A/NetFS
0x000000000671f000 	/usr/lib/system/libkxld.dylib
0x000000000671f000 	/System/Library/PrivateFrameworks/NetAuth.framework/Versions/A/NetAuth
0x000000000671f000 	/System/Library/PrivateFrameworks/TCC.framework/Versions/A/TCC
0x000000000671f000 	/System/Library/Frameworks/OpenDirectory.framework/Versions/A/Frameworks/CFOpenDirectory.framework/Versions/A/CFOpenDirectory
0x000000000671f000 	/System/Library/Frameworks/ServiceManagement.framework/Versions/A/ServiceManagement
0x000000000671f000 	/usr/lib/libxslt.1.dylib
0x000000000671f000 	/System/Library/Frameworks/Carbon.framework/Versions/A/Frameworks/Ink.framework/Versions/A/Ink
0x000000000671f000 	/System/Library/Frameworks/ApplicationServices.framework/Versions/A/Frameworks/ATS.framework/Versions/A/ATS
0x000000000671f000 	/System/Library/Frameworks/ApplicationServices.framework/Versions/A/Frameworks/ColorSync.framework/Versions/A/ColorSync
0x000000000671f000 	/System/Library/Frameworks/ApplicationServices.framework/Versions/A/Frameworks/HIServices.framework/Versions/A/HIServices
0x000000000671f000 	/System/Library/Frameworks/ApplicationServices.framework/Versions/A/Frameworks/LangAnalysis.framework/Versions/A/LangAnalysis
0x000000000671f000 	/System/Library/Frameworks/ApplicationServices.framework/Versions/A/Frameworks/PrintCore.framework/Versions/A/PrintCore
0x000000000671f000 	/System/Library/Frameworks/ApplicationServices.framework/Versions/A/Frameworks/QD.framework/Versions/A/QD
0x000000000671f000 	/System/Library/Frameworks/ApplicationServices.framework/Versions/A/Frameworks/SpeechSynthesis.framework/Versions/A/SpeechSynthesis
0x000000000671f000 	/System/Library/Frameworks/IOSurface.framework/Versions/A/IOSurface
0x000000000671f000 	/System/Library/Frameworks/Accelerate.framework/Versions/A/Accelerate
0x000000000671f000 	/System/Library/Frameworks/Accelerate.framework/Versions/A/Frameworks/vImage.framework/Versions/A/vImage
0x000000000671f000 	/System/Library/Frameworks/Accelerate.framework/Versions/A/Frameworks/vecLib.framework/Versions/A/vecLib
0x000000000671f000 	/System/Library/Frameworks/Accelerate.framework/Versions/A/Frameworks/vecLib.framework/Versions/A/libvDSP.dylib
0x000000000671f000 	/System/Library/Frameworks/Accelerate.framework/Versions/A/Frameworks/vecLib.framework/Versions/A/libvMisc.dylib
0x000000000671f000 	/System/Library/Frameworks/Accelerate.framework/Versions/A/Frameworks/vecLib.framework/Versions/A/libLAPACK.dylib
0x000000000671f000 	/System/Library/Frameworks/Accelerate.framework/Versions/A/Frameworks/vecLib.framework/Versions/A/libBLAS.dylib
0x000000000671f000 	/System/Library/Frameworks/ApplicationServices.framework/Versions/A/Frameworks/ATS.framework/Versions/A/Resources/libFontParser.dylib
0x000000000671f000 	/System/Library/Frameworks/ApplicationServices.framework/Versions/A/Frameworks/ATS.framework/Versions/A/Resources/libFontRegistry.dylib
0x000000000671f000 	/System/Library/Frameworks/ImageIO.framework/Versions/A/Resources/libJPEG.dylib
0x000000000671f000 	/System/Library/Frameworks/ImageIO.framework/Versions/A/Resources/libTIFF.dylib
0x000000000671f000 	/System/Library/Frameworks/ImageIO.framework/Versions/A/Resources/libPng.dylib
0x000000000671f000 	/System/Library/Frameworks/ImageIO.framework/Versions/A/Resources/libGIF.dylib
0x000000000671f000 	/System/Library/Frameworks/ImageIO.framework/Versions/A/Resources/libJP2.dylib
0x000000000671f000 	/System/Library/Frameworks/ImageIO.framework/Versions/A/Resources/libRadiance.dylib
0x000000000671f000 	/usr/lib/libcups.2.dylib
0x000000000671f000 	/System/Library/Frameworks/Kerberos.framework/Versions/A/Kerberos
0x000000000671f000 	/System/Library/Frameworks/GSS.framework/Versions/A/GSS
0x000000000671f000 	/usr/lib/libresolv.9.dylib
0x000000000671f000 	/usr/lib/libiconv.2.dylib
0x000000000671f000 	/System/Library/PrivateFrameworks/Heimdal.framework/Versions/A/Heimdal
0x000000000671f000 	/System/Library/PrivateFrameworks/TrustEvaluationAgent.framework/Versions/A/TrustEvaluationAgent
0x000000000671f000 	/usr/lib/libheimdal-asn1.dylib
0x000000000671f000 	/System/Library/Frameworks/OpenDirectory.framework/Versions/A/OpenDirectory
0x000000000671f000 	/System/Library/PrivateFrameworks/CommonAuth.framework/Versions/A/CommonAuth
0x000000000671f000 	/System/Library/Frameworks/SecurityFoundation.framework/Versions/A/SecurityFoundation
0x000000000671f000 	/System/Library/PrivateFrameworks/Bom.framework/Versions/A/Bom
0x000000000671f000 	/System/Library/Frameworks/CoreVideo.framework/Versions/A/CoreVideo
0x000000000671f000 	/System/Library/Frameworks/QuartzCore.framework/Versions/A/Frameworks/CoreImage.framework/Versions/A/CoreImage
0x000000000671f000 	/System/Library/Frameworks/QuartzCore.framework/Versions/A/Frameworks/ScalableUserInterface.framework/Versions/A/ScalableUserInterface
0x000000000671f000 	/System/Library/Frameworks/OpenGL.framework/Versions/A/Libraries/libGLU.dylib
0x000000000671f000 	/System/Library/Frameworks/OpenGL.framework/Versions/A/Libraries/libGFXShared.dylib
0x000000000671f000 	/System/Library/Frameworks/OpenGL.framework/Versions/A/Libraries/libGL.dylib
0x000000000671f000 	/System/Library/Frameworks/OpenGL.framework/Versions/A/Libraries/libGLImage.dylib
0x000000000671f000 	/System/Library/Frameworks/OpenGL.framework/Versions/A/Libraries/libCVMSPluginSupport.dylib
0x000000000671f000 	/System/Library/Frameworks/OpenGL.framework/Versions/A/Libraries/libCoreVMClient.dylib
0x000000000671f000 	/System/Library/PrivateFrameworks/FaceCore.framework/Versions/A/FaceCore
0x000000000671f000 	/System/Library/PrivateFrameworks/CrashReporterSupport.framework/Versions/A/CrashReporterSupport
0x000000000671f000 	/System/Library/Frameworks/OpenCL.framework/Versions/A/OpenCL
0x000000000671f000 	/System/Library/PrivateFrameworks/AppleFSCompression.framework/Versions/A/AppleFSCompression
0x000000000671f000 	/System/Library/PrivateFrameworks/Ubiquity.framework/Versions/A/Ubiquity
0x000000000671f000 	/System/Library/PrivateFrameworks/IconServices.framework/Versions/A/IconServices
0x000000000671f000 	/System/Library/PrivateFrameworks/ChunkingLibrary.framework/Versions/A/ChunkingLibrary
0x000000000671f000 	/System/Library/PrivateFrameworks/CoreSymbolication.framework/Versions/A/CoreSymbolication
0x000000000671f000 	/System/Library/PrivateFrameworks/Symbolication.framework/Versions/A/Symbolication
0x000000000671f000 	/System/Library/PrivateFrameworks/DebugSymbols.framework/Versions/A/DebugSymbols
0x0000000100c00000 	/Library/Java/JavaVirtualMachines/jdk1.8.0_20.jdk/Contents/Home/jre/lib/server/libjvm.dylib
0x000000000671f000 	/usr/lib/libstdc++.6.dylib
0x00000001003a3000 	/Library/Java/JavaVirtualMachines/jdk1.8.0_20.jdk/Contents/Home/jre/lib/libverify.dylib
0x00000001003b1000 	/Library/Java/JavaVirtualMachines/jdk1.8.0_20.jdk/Contents/Home/jre/lib/libjava.dylib
0x00000001003ef000 	/Library/Java/JavaVirtualMachines/jdk1.8.0_20.jdk/Contents/Home/jre/lib/libzip.dylib
0x0000000117c92000 	/System/Library/Frameworks/JavaVM.framework/Frameworks/JavaRuntimeSupport.framework/JavaRuntimeSupport
0x0000000117caa000 	/System/Library/Frameworks/JavaVM.framework/Versions/A/Frameworks/JavaNativeFoundation.framework/Versions/A/JavaNativeFoundation
0x0000000117cbf000 	/System/Library/Frameworks/JavaVM.framework/Versions/A/JavaVM
0x000000000671f000 	/System/Library/Frameworks/Carbon.framework/Versions/A/Carbon
0x0000000117ccc000 	/System/Library/PrivateFrameworks/JavaLaunching.framework/Versions/A/JavaLaunching
0x000000000671f000 	/System/Library/Frameworks/Carbon.framework/Versions/A/Frameworks/CommonPanels.framework/Versions/A/CommonPanels
0x000000000671f000 	/System/Library/Frameworks/Carbon.framework/Versions/A/Frameworks/Help.framework/Versions/A/Help
0x000000000671f000 	/System/Library/Frameworks/Carbon.framework/Versions/A/Frameworks/ImageCapture.framework/Versions/A/ImageCapture
0x000000000671f000 	/System/Library/Frameworks/Carbon.framework/Versions/A/Frameworks/OpenScripting.framework/Versions/A/OpenScripting
0x000000000671f000 	/System/Library/Frameworks/Carbon.framework/Versions/A/Frameworks/Print.framework/Versions/A/Print
0x000000000671f000 	/System/Library/Frameworks/Carbon.framework/Versions/A/Frameworks/SecurityHI.framework/Versions/A/SecurityHI

VM Arguments:
jvm_args: -Dfile.encoding=UTF-8 
java_command: Problem179
java_class_path (initial): /Users/rohit/Documents/workspace/ProjectEuler/bin:/Users/rohit/Downloads/CS125-v001-mac-64bit/sdk/platforms/android-17/android.jar
Launcher Type: SUN_STANDARD

Environment Variables:
PATH=/usr/bin:/bin:/usr/sbin:/sbin
SHELL=/bin/bash
DISPLAY=/tmp/launch-5S9f6W/org.macosforge.xquartz:0

Signal Handlers:
SIGSEGV: [libjvm.dylib+0x578fd7], sa_mask[0]=11111111011111110111111111111111, sa_flags=SA_ONSTACK|SA_RESTART|SA_SIGINFO
SIGBUS: [libjvm.dylib+0x578fd7], sa_mask[0]=11111111011111110111111111111111, sa_flags=SA_RESTART|SA_SIGINFO
SIGFPE: [libjvm.dylib+0x45ab0c], sa_mask[0]=11111111011111110111111111111111, sa_flags=SA_RESTART|SA_SIGINFO
SIGPIPE: [libjvm.dylib+0x45ab0c], sa_mask[0]=11111111011111110111111111111111, sa_flags=SA_RESTART|SA_SIGINFO
SIGXFSZ: [libjvm.dylib+0x45ab0c], sa_mask[0]=11111111011111110111111111111111, sa_flags=SA_RESTART|SA_SIGINFO
SIGILL: [libjvm.dylib+0x45ab0c], sa_mask[0]=11111111011111110111111111111111, sa_flags=SA_RESTART|SA_SIGINFO
SIGUSR1: SIG_DFL, sa_mask[0]=00000000000000000000000000000000, sa_flags=SA_RESTART
SIGUSR2: [libjvm.dylib+0x45a62a], sa_mask[0]=00100000000000000000000000000000, sa_flags=SA_RESTART|SA_SIGINFO
SIGHUP: [libjvm.dylib+0x458bfd], sa_mask[0]=11111111011111110111111111111111, sa_flags=SA_RESTART|SA_SIGINFO
SIGINT: [libjvm.dylib+0x458bfd], sa_mask[0]=11111111011111110111111111111111, sa_flags=SA_RESTART|SA_SIGINFO
SIGTERM: [libjvm.dylib+0x458bfd], sa_mask[0]=11111111011111110111111111111111, sa_flags=SA_RESTART|SA_SIGINFO
SIGQUIT: [libjvm.dylib+0x458bfd], sa_mask[0]=11111111011111110111111111111111, sa_flags=SA_RESTART|SA_SIGINFO


---------------  S Y S T E M  ---------------

OS:Bsduname:Darwin 13.4.0 Darwin Kernel Version 13.4.0: Sun Aug 17 19:50:11 PDT 2014; root:xnu-2422.115.4~1/RELEASE_X86_64 x86_64
rlimit: STACK 8192k, CORE 0k, NPROC 709, NOFILE 10240, AS infinity
load average:3.28 3.39 3.07

CPU:total 4 (2 cores per cpu, 2 threads per core) family 6 model 58 stepping 9, cmov, cx8, fxsr, mmx, sse, sse2, sse3, ssse3, sse4.1, sse4.2, popcnt, avx, aes, clmul, erms, ht, tsc, tscinvbit, tscinv

Memory: 4k page, physical 8388608k(1716112k free)

/proc/meminfo:


vm_info: Java HotSpot(TM) 64-Bit Server VM (25.20-b23) for bsd-amd64 JRE (1.8.0_20-b26), built on Jul 30 2014 13:37:47 by "java_re" with gcc 4.2.1 (Based on Apple Inc. build 5658) (LLVM build 2336.9.00)

time: Sat Jan 10 20:41:20 2015
elapsed time: 25751 seconds (0d 7h 9m 11s)

